Success (1):
content 7120 _a-0000e255-ca76-8000-23f0-01ef9001ef90_42152 "EAP_NewInterface"

Referenced precedents that were not exported (1):
content 6759 _a-0000e21d-e06a-8000-7d53-01ef9001ef90_48676

Trace:
2019-06-21 13:30:52.806 DEBUG content 7120 _a-0000e255-ca76-8000-23f0-01ef9001ef90_42152 Begin transport.
2019-06-21 13:30:52.806 DEBUG content 7120 _a-0000e255-ca76-8000-23f0-01ef9001ef90_42152 Retrieving object data.
2019-06-21 13:30:52.816 DEBUG content 7120 _a-0000e255-ca76-8000-23f0-01ef9001ef90_42152 Setting uuids of object references.
2019-06-21 13:30:52.816 DEBUG content 7120 _a-0000e255-ca76-8000-23f0-01ef9001ef90_42152 Processing reference: [Content:id=6922,versionId=-1,name=EAP_NewInterface,type=32,subtype=6,uuid=_a-0000e255-ca76-8000-23f0-01ef9001ef90_42152,parent=6759]
2019-06-21 13:30:52.816 DEBUG content 7120 _a-0000e255-ca76-8000-23f0-01ef9001ef90_42152 Processing reference: Interface.forum
2019-06-21 13:30:52.817 DEBUG content 7120 _a-0000e255-ca76-8000-23f0-01ef9001ef90_42152 Processing reference: Interface.parent
2019-06-21 13:30:52.82 DEBUG content 7120 _a-0000e255-ca76-8000-23f0-01ef9001ef90_42152 Processing reference: com.appiancorp.suiteapi.content.ContentRoleMap@452d1eaa[
  ContentRole[name=readers,inherit=true,allowForAll=false]
  ContentRole[name=authors,inherit=true,allowForAll=false]
  ContentRole[name=administrators,inherit=true,allowForAll=false]
  ContentRole[name=denyReaders,inherit=false,allowForAll=false]
  ContentRole[name=denyAuthors,inherit=false,allowForAll=false]
  ContentRole[name=denyAdministrators,inherit=false,allowForAll=false]
  securityVector=15:SEC_PUBLIC=true,SEC_CREATOR_ADMIN=false,SEC_INH_ADMIN=true,SEC_INH_EDITOR=true,SEC_INH_VIEWER=true,SEC_ALL_ADMIN=false,SEC_ALL_EDITOR=false,SEC_ALL_VIEWER=false
]
2019-06-21 13:30:52.82 DEBUG content 7120 _a-0000e255-ca76-8000-23f0-01ef9001ef90_42152 Processing reference: ContentRole[name=readers,inherit=true,allowForAll=false]
2019-06-21 13:30:52.82 DEBUG content 7120 _a-0000e255-ca76-8000-23f0-01ef9001ef90_42152 Processing reference: ContentRole[name=authors,inherit=true,allowForAll=false]
2019-06-21 13:30:52.82 DEBUG content 7120 _a-0000e255-ca76-8000-23f0-01ef9001ef90_42152 Processing reference: ContentRole[name=administrators,inherit=true,allowForAll=false]
2019-06-21 13:30:52.82 DEBUG content 7120 _a-0000e255-ca76-8000-23f0-01ef9001ef90_42152 Processing reference: ContentRole[name=denyReaders,inherit=false,allowForAll=false]
2019-06-21 13:30:52.82 DEBUG content 7120 _a-0000e255-ca76-8000-23f0-01ef9001ef90_42152 Processing reference: ContentRole[name=denyAuthors,inherit=false,allowForAll=false]
2019-06-21 13:30:52.82 DEBUG content 7120 _a-0000e255-ca76-8000-23f0-01ef9001ef90_42152 Processing reference: ContentRole[name=denyAdministrators,inherit=false,allowForAll=false]
2019-06-21 13:30:52.82 DEBUG content 7120 _a-0000e255-ca76-8000-23f0-01ef9001ef90_42152 Completing produce.
2019-06-21 13:30:52.82 DEBUG content 7120 _a-0000e255-ca76-8000-23f0-01ef9001ef90_42152 Exporting binary resources.
2019-06-21 13:30:52.82 DEBUG content 7120 _a-0000e255-ca76-8000-23f0-01ef9001ef90_42152 Serializing object to XML.
2019-06-21 13:30:52.82 DEBUG content 7120 _a-0000e255-ca76-8000-23f0-01ef9001ef90_42152 Object transported.
